\BOOKMARK [1][-]{section.1}{\376\377\000I\000n\000t\000r\000o\000d\000u\000c\000t\000i\000o\000n}{}% 1
\BOOKMARK [1][-]{section.2}{\376\377\000L\000i\000t\000e\000r\000a\000t\000u\000r\000e\000\040\000R\000e\000v\000i\000e\000w}{}% 2
\BOOKMARK [2][-]{subsection.2.1}{\376\377\000I\000n\000t\000e\000r\000n\000a\000t\000i\000o\000n\000a\000l\000\040\000F\000i\000l\000m\000\040\000I\000n\000d\000u\000s\000t\000r\000y}{section.2}% 3
\BOOKMARK [2][-]{subsection.2.2}{\376\377\000T\000h\000e\000\040\000G\000r\000a\000v\000i\000t\000y\000\040\000M\000o\000d\000e\000l\000\040\000o\000f\000\040\000T\000r\000a\000d\000e}{section.2}% 4
\BOOKMARK [1][-]{section.3}{\376\377\000D\000a\000t\000a}{}% 5
\BOOKMARK [2][-]{subsection.3.1}{\376\377\000B\000i\000l\000a\000t\000e\000r\000a\000l\000\040\000T\000r\000a\000d\000e\000\040\000F\000l\000o\000w\000\040\000C\000o\000n\000s\000t\000r\000u\000c\000t\000i\000o\000n}{section.3}% 6
\BOOKMARK [2][-]{subsection.3.2}{\376\377\000G\000r\000a\000v\000i\000t\000y\000\040\000V\000a\000r\000i\000a\000b\000l\000e\000s}{section.3}% 7
\BOOKMARK [2][-]{subsection.3.3}{\376\377\000F\000i\000l\000m\000\040\000I\000n\000c\000e\000n\000t\000i\000v\000e\000\040\000D\000a\000t\000a}{section.3}% 8
\BOOKMARK [1][-]{section.4}{\376\377\000E\000m\000p\000i\000r\000i\000c\000a\000l\000\040\000M\000e\000t\000h\000o\000d\000o\000l\000o\000g\000y}{}% 9
\BOOKMARK [2][-]{subsection.4.1}{\376\377\000T\000h\000e\000\040\000G\000r\000a\000v\000i\000t\000y\000\040\000M\000o\000d\000e\000l\000\040\000F\000r\000a\000m\000e\000w\000o\000r\000k}{section.4}% 10
\BOOKMARK [2][-]{subsection.4.2}{\376\377\000M\000o\000d\000e\000l\000\040\000S\000p\000e\000c\000i\000f\000i\000c\000a\000t\000i\000o\000n\000s}{section.4}% 11
\BOOKMARK [3][-]{subsubsection.4.2.1}{\376\377\000M\000o\000d\000e\000l\000\040\0001\000:\000\040\000B\000a\000s\000e\000l\000i\000n\000e\000\040\000G\000r\000a\000v\000i\000t\000y}{subsection.4.2}% 12
\BOOKMARK [3][-]{subsubsection.4.2.2}{\376\377\000M\000o\000d\000e\000l\000\040\0002\000:\000\040\000F\000u\000l\000l\000\040\000G\000r\000a\000v\000i\000t\000y\000\040\000w\000i\000t\000h\000\040\000C\000u\000l\000t\000u\000r\000a\000l\000\040\000a\000n\000d\000\040\000I\000n\000s\000t\000i\000t\000u\000t\000i\000o\000n\000a\000l\000\040\000C\000o\000n\000t\000r\000o\000l\000s}{subsection.4.2}% 13
\BOOKMARK [3][-]{subsubsection.4.2.3}{\376\377\000M\000o\000d\000e\000l\000\040\0003\000:\000\040\000I\000n\000c\000e\000n\000t\000i\000v\000e\000\040\000D\000u\000m\000m\000i\000e\000s}{subsection.4.2}% 14
\BOOKMARK [3][-]{subsubsection.4.2.4}{\376\377\000M\000o\000d\000e\000l\000\040\0004\000:\000\040\000I\000n\000c\000e\000n\000t\000i\000v\000e\000\040\000T\000y\000p\000e\000\040\000H\000e\000t\000e\000r\000o\000g\000e\000n\000e\000i\000t\000y}{subsection.4.2}% 15
\BOOKMARK [3][-]{subsubsection.4.2.5}{\376\377\000M\000o\000d\000e\000l\000\040\0005\000:\000\040\000I\000n\000c\000e\000n\000t\000i\000v\000e\000\040\000G\000e\000n\000e\000r\000o\000s\000i\000t\000y}{subsection.4.2}% 16
\BOOKMARK [3][-]{subsubsection.4.2.6}{\376\377\000M\000o\000d\000e\000l\000s\000\040\0006\000\040\000a\000n\000d\000\040\0007\000:\000\040\000C\000l\000u\000s\000t\000e\000r\000\040\000E\000f\000f\000e\000c\000t\000s}{subsection.4.2}% 17
\BOOKMARK [3][-]{subsubsection.4.2.7}{\376\377\000M\000o\000d\000e\000l\000\040\0008\000:\000\040\000C\000o\000u\000n\000t\000r\000y\000-\000P\000a\000i\000r\000\040\000F\000i\000x\000e\000d\000\040\000E\000f\000f\000e\000c\000t\000s}{subsection.4.2}% 18
\BOOKMARK [3][-]{subsubsection.4.2.8}{\376\377\000M\000o\000d\000e\000l\000\040\0009\000:\000\040\000E\000v\000e\000n\000t\000\040\000S\000t\000u\000d\000y}{subsection.4.2}% 19
\BOOKMARK [3][-]{subsubsection.4.2.9}{\376\377\000M\000o\000d\000e\000l\000\040\0001\0000\000:\000\040\000C\000l\000u\000s\000t\000e\000r\000\040\000E\000f\000f\000e\000c\000t\000s\000\040\000w\000i\000t\000h\000\040\000P\000a\000i\000r\000\040\000F\000i\000x\000e\000d\000\040\000E\000f\000f\000e\000c\000t\000s}{subsection.4.2}% 20
\BOOKMARK [2][-]{subsection.4.3}{\376\377\000E\000s\000t\000i\000m\000a\000t\000o\000r\000\040\000C\000h\000o\000i\000c\000e\000\040\000a\000n\000d\000\040\000F\000i\000x\000e\000d\000\040\000E\000f\000f\000e\000c\000t\000s\000\040\000S\000t\000r\000u\000c\000t\000u\000r\000e}{section.4}% 21
\BOOKMARK [2][-]{subsection.4.4}{\376\377\000R\000o\000b\000u\000s\000t\000n\000e\000s\000s\000\040\000a\000n\000d\000\040\000S\000u\000b\000s\000a\000m\000p\000l\000e\000\040\000A\000n\000a\000l\000y\000s\000i\000s}{section.4}% 22
\BOOKMARK [3][-]{subsubsection.4.4.1}{\376\377\000T\000h\000e\000\040\000A\000n\000g\000l\000o\000-\000N\000e\000t\000w\000o\000r\000k\000\040\000P\000r\000o\000b\000l\000e\000m}{subsection.4.4}% 23
\BOOKMARK [3][-]{subsubsection.4.4.2}{\376\377\000S\000a\000m\000p\000l\000e\000\040\000W\000i\000t\000h\000o\000u\000t\000\040\000E\000c\000o\000n\000o\000m\000i\000c\000\040\000F\000r\000e\000e\000d\000o\000m\000\040\000C\000o\000n\000t\000r\000o\000l\000s}{subsection.4.4}% 24
\BOOKMARK [3][-]{subsubsection.4.4.3}{\376\377\000I\000n\000c\000o\000m\000e\000-\000A\000d\000j\000u\000s\000t\000e\000d\000\040\000E\000c\000o\000n\000o\000m\000i\000c\000\040\000F\000r\000e\000e\000d\000o\000m\000\040\000\050\000E\000F\000W\000R\000E\000S\000I\000D\000\051}{subsection.4.4}% 25
\BOOKMARK [3][-]{subsubsection.4.4.4}{\376\377\000D\000u\000a\000l\000\040\000D\000e\000p\000e\000n\000d\000e\000n\000t\000\040\000V\000a\000r\000i\000a\000b\000l\000e\000s\000\040\000\050\000I\000M\000D\000b\000\051}{subsection.4.4}% 26
\BOOKMARK [3][-]{subsubsection.4.4.5}{\376\377\000C\000r\000o\000s\000s\000-\000D\000a\000t\000a\000s\000e\000t\000\040\000V\000a\000l\000i\000d\000a\000t\000i\000o\000n}{subsection.4.4}% 27
\BOOKMARK [1][-]{section.5}{\376\377\000R\000e\000s\000u\000l\000t\000s}{}% 28
\BOOKMARK [1][-]{section.6}{\376\377\000L\000i\000m\000i\000t\000a\000t\000i\000o\000n\000s}{}% 29
\BOOKMARK [1][-]{section.7}{\376\377\000C\000o\000n\000c\000l\000u\000s\000i\000o\000n}{}% 30
